#
# A fatal error has been detected by the Java Runtime Environment:
#
#  SIGSEGV (0xb) at pc=0x0000000100d69c6a, pid=53359, tid=775
#
# JRE version: Java(TM) SE Runtime Environment (8.0_91-b14) (build 1.8.0_91-b14)
# Java VM: Java HotSpot(TM) 64-Bit Server VM (25.91-b14 mixed mode bsd-amd64 compressed oops)
# Problematic frame:
# V  [libjvm.dylib+0x169c6a]  ThreadStateTransition::trans_from_native(JavaThreadState)+0xa
#
# Failed to write core dump. Core dumps have been disabled. To enable core dumping, try "ulimit -c unlimited" before starting Java again
#
# If you would like to submit a bug report, please visit:
#   http://bugreport.java.com/bugreport/crash.jsp
#

---------------  T H R E A D  ---------------

Current thread is native thread

siginfo: si_signo: 11 (SIGSEGV), si_code: 1 (SEGV_MAPERR), si_addr: 0x0000000000000270

Registers:
RAX=0x0000000000000000, RBX=0x0000000000000000, RCX=0x0000000100f129b3, RDX=0x00007fd6399159f8
RSP=0x00007fff5f988200, RBP=0x00007fff5f988210, RSI=0x0000000000000006, RDI=0x00007fff5f988250
R8 =0x0000000000000000, R9 =0x0000000000000190, R10=0x000000010836fe90, R11=0x00007fd63e816630
R12=0x00007fd6399159f8, R13=0x00007fd638c6e180, R14=0x00007fd6399159f8, R15=0x0000000000000000
RIP=0x0000000100d69c6a, EFLAGS=0x0000000000010246, ERR=0x0000000000000006
  TRAPNO=0x000000000000000e

Top of Stack: (sp=0x00007fff5f988200)
0x00007fff5f988200:   00007fd638e94e48 00007fd6399159f8
0x00007fff5f988210:   00007fff5f988270 0000000100f129e3
0x00007fff5f988220:   4e361c73c3760061 00007fd63b501dd0
0x00007fff5f988230:   00007fd63a1fa800 00007fd638c6c3d0
0x00007fff5f988240:   00007fff5f988270 000000011d0c66e9
0x00007fff5f988250:   0000000000000000 00007fd638d9dbe0
0x00007fff5f988260:   00007fd63a1fa800 00007fd638c6c3d0
0x00007fff5f988270:   00007fff5f9882d0 000000011d026a3b
0x00007fff5f988280:   00000000438b0000 0000000000000000
0x00007fff5f988290:   410b1bd1228aae45 0000000000000000
0x00007fff5f9882a0:   0000000043480000 00007fd638c6c3d0
0x00007fff5f9882b0:   00007fd63b501dd0 00007fd638c6e180
0x00007fff5f9882c0:   00007fd638c6c3d0 00007fffe5163b40
0x00007fff5f9882d0:   00007fff5f988350 00007fffd659e821
0x00007fff5f9882e0:   00007fd6391b4000 0000000000000000
0x00007fff5f9882f0:   0000022c00000000 00007fd63a1fa800
0x00007fff5f988300:   0000000000000000 0000000000000000
0x00007fff5f988310:   0000000400000000 410b1bd1228aae45
0x00007fff5f988320:   00007fff5f988350 00007fd638c6c3d0
0x00007fff5f988330:   0000000000000004 0000000000000000
0x00007fff5f988340:   00007fffe5163b40 00007fffcf14e13e
0x00007fff5f988350:   00007fff5f9883c0 00007fffd659e39f
0x00007fff5f988360:   4000000000000000 4069000000000000
0x00007fff5f988370:   4071600000000000 0000000000000000
0x00007fff5f988380:   0000000000000000 4069000000000000
0x00007fff5f988390:   4071600000000000 00007fff5f988490
0x00007fff5f9883a0:   00007fd63b600e98 0000000000000000
0x00007fff5f9883b0:   00007fffcf15689f 00007fd6391b4000
0x00007fff5f9883c0:   00007fff5f989490 00007fffd65b1546
0x00007fff5f9883d0:   00007fff5f989490 00007fffd65b141c
0x00007fff5f9883e0:   00007fd63b600e98 00007fd63b600e98
0x00007fff5f9883f0:   00007fd63b600df0 00007fd6391b4000 

Instructions: (pc=0x0000000100d69c6a)
0x0000000100d69c4a:   0e 48 8b 0b 49 8b 56 18 48 63 c0 48 89 0c c2 5b
0x0000000100d69c5a:   41 5e 5d c3 90 90 55 48 89 e5 41 56 53 48 8b 1f
0x0000000100d69c6a:   c7 83 70 02 00 00 05 00 00 00 48 8d 05 cd c7 77
0x0000000100d69c7a:   00 8b 00 83 f8 01 41 89 f6 75 0c 48 8d 0d 0a 2f 

Register to memory mapping:

RAX=0x0000000000000000 is an unknown value
RBX=0x0000000000000000 is an unknown value
RCX=0x0000000100f129b3: jni_NewLocalRef+0 in /Library/Java/JavaVirtualMachines/jdk1.8.0_91.jdk/Contents/Home/jre/lib/server/libjvm.dylib at 0x0000000100c00000
RDX=0x00007fd6399159f8 is an unknown value
RSP=0x00007fff5f988200 is an unknown value
RBP=0x00007fff5f988210 is an unknown value
RSI=0x0000000000000006 is an unknown value
RDI=0x00007fff5f988250 is an unknown value
R8 =0x0000000000000000 is an unknown value
R9 =0x0000000000000190 is an unknown value
R10=0x000000010836fe90: OBJC_CLASS_$_JNFJObjectWrapper+0 in /System/Library/Frameworks/JavaVM.framework/Versions/A/Frameworks/JavaNativeFoundation.framework/Versions/A/JavaNativeFoundation at 0x0000000108365000
R11=0x00007fd63e816630 is an unknown value
R12=0x00007fd6399159f8 is an unknown value
R13=0x00007fd638c6e180 is an unknown value
R14=0x00007fd6399159f8 is an unknown value
R15=0x0000000000000000 is an unknown value


Stack: [0x00007fff5f18c000,0x00007fff5f98c000],  sp=0x00007fff5f988200,  free space=8176k
Native frames: (J=compiled Java code, j=interpreted, Vv=VM code, C=native code)
V  [libjvm.dylib+0x169c6a]  ThreadStateTransition::trans_from_native(JavaThreadState)+0xa
V  [libjvm.dylib+0x3129e3]  jni_NewLocalRef+0x30
C  [libawt_lwawt.dylib+0x19a3b]  -[CGLLayer drawInCGLContext:pixelFormat:forLayerTime:displayTime:]+0xee
C  [QuartzCore+0x110821]  CAOpenGLLayerDraw(CAOpenGLLayer*, double, CVTimeStamp const*, unsigned int)+0x369
C  [QuartzCore+0x11039f]  -[CAOpenGLLayer _display]+0x15f
C  [QuartzCore+0x123546]  CA::Layer::display_if_needed(CA::Transaction*)+0x23c
C  [QuartzCore+0x123671]  CA::Layer::layout_and_display_if_needed(CA::Transaction*)+0x23
C  [QuartzCore+0x118e88]  CA::Context::commit_transaction(CA::Transaction*)+0x118
C  [QuartzCore+0xfd55]  CA::Transaction::commit()+0x1db
C  [QuartzCore+0x106b6]  CA::Transaction::observer_callback(__CFRunLoopObserver*, unsigned long, void*)+0x6c
C  [CoreFoundation+0xa6ec7]  __CFRUNLOOP_IS_CALLING_OUT_TO_AN_OBSERVER_CALLBACK_FUNCTION__+0x17
C  [CoreFoundation+0xa6e37]  __CFRunLoopDoObservers+0x187
C  [CoreFoundation+0x87c2e]  __CFRunLoopRun+0x4be
C  [CoreFoundation+0x87514]  CFRunLoopRunSpecific+0x1a4
C  [java+0x6463]  CreateExecutionEnvironment+0x367
C  [java+0x21ac]  JLI_Launch+0x7a0
C  [java+0x84c0]  main+0x65
C  [java+0x1a04]  start+0x34


---------------  P R O C E S S  ---------------

VM state:not at safepoint (normal execution)

VM Mutex/Monitor currently owned by a thread: None

Heap:
 PSYoungGen      total 38400K, used 24677K [0x0000000795580000, 0x0000000798000000, 0x00000007c0000000)
  eden space 33280K, 74% used [0x0000000795580000,0x0000000796d995e0,0x0000000797600000)
  from space 5120K, 0% used [0x0000000797b00000,0x0000000797b00000,0x0000000798000000)
  to   space 5120K, 0% used [0x0000000797600000,0x0000000797600000,0x0000000797b00000)
 ParOldGen       total 87552K, used 0K [0x0000000740000000, 0x0000000745580000, 0x0000000795580000)
  object space 87552K, 0% used [0x0000000740000000,0x0000000740000000,0x0000000745580000)
 Metaspace       used 15499K, capacity 16024K, committed 16384K, reserved 1062912K
  class space    used 2054K, capacity 2198K, committed 2304K, reserved 1048576K

Card table byte_map: [0x0000000101f54000,0x0000000102355000] byte_map_base: 0x00000000fe554000

Marking Bits: (ParMarkBitMap*) 0x00000001014e6eb0
 Begin Bits: [0x0000000102600000, 0x0000000104600000)
 End Bits:   [0x0000000104600000, 0x0000000106600000)

Polling page: 0x0000000100334000

CodeCache: size=245760Kb used=3348Kb max_used=3358Kb free=242411Kb
 bounds [0x00000001084af000, 0x00000001087ff000, 0x00000001174af000]
 total_blobs=1568 nmethods=860 adapters=622
 compilation: enabled

Compilation events (10 events):
Event: 6.758 Thread 0x00007fd639832800 nmethod 855 0x00000001087f2790 code [0x00000001087f2920, 0x00000001087f2e28]
Event: 6.764 Thread 0x00007fd639832800  856       1       sun.java2d.loops.GraphicsPrimitive::getUniqueID (5 bytes)
Event: 6.764 Thread 0x00007fd639832800 nmethod 856 0x00000001087f3a90 code [0x00000001087f3be0, 0x00000001087f3cf0]
Event: 6.764 Thread 0x00007fd639832800  857       3       sun.java2d.loops.GraphicsPrimitiveMgr$1::compare (39 bytes)
Event: 6.764 Thread 0x00007fd639832800 nmethod 857 0x00000001087f3d50 code [0x00000001087f3ee0, 0x00000001087f43f0]
Event: 6.764 Thread 0x00007fd639024000  858       4       sun.java2d.loops.GraphicsPrimitiveMgr$1::compare (39 bytes)
Event: 6.765 Thread 0x00007fd639024000 nmethod 858 0x00000001087f7210 code [0x00000001087f7360, 0x00000001087f7478]
Event: 6.769 Thread 0x00007fd639832800  859       3       java.util.concurrent.locks.ReentrantLock::lock (8 bytes)
Event: 6.769 Thread 0x00007fd639832800 nmethod 859 0x00000001087f6dd0 code [0x00000001087f6f40, 0x00000001087f7168]
Event: 6.769 Thread 0x00007fd639832800  860       1       java.awt.AWTEvent::getID (5 bytes)

GC Heap History (0 events):
No events

Deoptimization events (5 events):
Event: 0.755 Thread 0x00007fd639915800 Uncommon trap: reason=unstable_if action=reinterpret pc=0x0000000108645d04 method=java.lang.String.replace(CC)Ljava/lang/String; @ 26
Event: 0.776 Thread 0x00007fd639915800 Uncommon trap: reason=unstable_if action=reinterpret pc=0x0000000108673c5c method=java.lang.String.indexOf([CII[CIII)I @ 134
Event: 1.126 Thread 0x00007fd639915800 Uncommon trap: reason=unstable_if action=reinterpret pc=0x00000001086605a0 method=java.lang.String.startsWith(Ljava/lang/String;I)Z @ 25
Event: 1.133 Thread 0x00007fd639915800 Uncommon trap: reason=unstable_if action=reinterpret pc=0x00000001086a3fe8 method=java.lang.AbstractStringBuilder.append(Ljava/lang/String;)Ljava/lang/AbstractStringBuilder; @ 1
Event: 4.079 Thread 0x00007fd639915800 Uncommon trap: reason=unstable_if action=reinterpret pc=0x0000000108778fb0 method=jdk.internal.org.objectweb.asm.Type.getArgumentsAndReturnSizes(Ljava/lang/String;)I @ 47

Internal exceptions (10 events):
Event: 0.185 Thread 0x00007fd63a005800 Exception <a 'java/security/PrivilegedActionException'> (0x0000000795837fd8) thrown at [/Users/java_re/workspace/8-2-build-macosx-x86_64/jdk8u91/6644/hotspot/src/share/vm/prims/jvm.cpp, line 1386]
Event: 0.185 Thread 0x00007fd63a005800 Exception <a 'java/security/PrivilegedActionException'> (0x000000079583b278) thrown at [/Users/java_re/workspace/8-2-build-macosx-x86_64/jdk8u91/6644/hotspot/src/share/vm/prims/jvm.cpp, line 1386]
Event: 0.185 Thread 0x00007fd63a005800 Exception <a 'java/security/PrivilegedActionException'> (0x000000079583b488) thrown at [/Users/java_re/workspace/8-2-build-macosx-x86_64/jdk8u91/6644/hotspot/src/share/vm/prims/jvm.cpp, line 1386]
Event: 0.186 Thread 0x00007fd63a005800 Exception <a 'java/lang/NullPointerException'> (0x000000079583bc78) thrown at [/Users/java_re/workspace/8-2-build-macosx-x86_64/jdk8u91/6644/hotspot/src/share/vm/interpreter/linkResolver.cpp, line 1178]
Event: 0.690 Thread 0x00007fd639915800 Exception <a 'java/lang/NullPointerException'> (0x00000007961191e0) thrown at [/Users/java_re/workspace/8-2-build-macosx-x86_64/jdk8u91/6644/hotspot/src/share/vm/interpreter/linkResolver.cpp, line 1178]
Event: 0.690 Thread 0x00007fd639915800 Exception <a 'java/lang/NullPointerException'> (0x00000007961191e0) thrown at [/Users/java_re/workspace/8-2-build-macosx-x86_64/jdk8u91/6644/hotspot/src/share/vm/prims/jvm.cpp, line 1390]
Event: 0.952 Thread 0x00007fd639915800 Exception <a 'java/io/FileNotFoundException'> (0x0000000796473590) thrown at [/Users/java_re/workspace/8-2-build-macosx-x86_64/jdk8u91/6644/hotspot/src/share/vm/prims/jni.cpp, line 709]
Event: 0.952 Thread 0x00007fd639915800 Exception <a 'java/io/FileNotFoundException'> (0x00000007964740e0) thrown at [/Users/java_re/workspace/8-2-build-macosx-x86_64/jdk8u91/6644/hotspot/src/share/vm/prims/jni.cpp, line 709]
Event: 1.133 Thread 0x00007fd639915800 Implicit null exception at 0x00000001086a3c75 to 0x00000001086a3fd5
Event: 1.195 Thread 0x00007fd639915800 Exception <a 'java/io/FileNotFoundException'> (0x000000079662df18) thrown at [/Users/java_re/workspace/8-2-build-macosx-x86_64/jdk8u91/6644/hotspot/src/share/vm/prims/jni.cpp, line 709]

Events (10 events):
Event: 6.761 loading class java/awt/PrintGraphics
Event: 6.761 loading class java/awt/PrintGraphics done
Event: 6.761 loading class sun/java2d/loops/FontInfo
Event: 6.761 loading class sun/java2d/loops/FontInfo done
Event: 6.763 loading class sun/awt/image/ToolkitImage
Event: 6.763 loading class sun/awt/image/ToolkitImage done
Event: 6.763 loading class sun/java2d/opengl/OGLSurfaceDataProxy
Event: 6.763 loading class sun/java2d/opengl/OGLSurfaceDataProxy done
Event: 6.763 loading class sun/java2d/loops/GraphicsPrimitiveMgr$PrimitiveSpec
Event: 6.763 loading class sun/java2d/loops/GraphicsPrimitiveMgr$PrimitiveSpec done


Dynamic libraries:
0x000000005b770000 	/System/Library/Frameworks/Cocoa.framework/Versions/A/Cocoa
0x000000005b770000 	/System/Library/Frameworks/Security.framework/Versions/A/Security
0x000000005b770000 	/System/Library/Frameworks/ApplicationServices.framework/Versions/A/ApplicationServices
0x000000005b770000 	/usr/lib/libz.1.dylib
0x000000005b770000 	/usr/lib/libSystem.B.dylib
0x000000005b770000 	/usr/lib/libobjc.A.dylib
0x000000005b770000 	/System/Library/Frameworks/CoreFoundation.framework/Versions/A/CoreFoundation
0x000000005b770000 	/System/Library/Frameworks/Foundation.framework/Versions/C/Foundation
0x000000005b770000 	/System/Library/Frameworks/AppKit.framework/Versions/C/AppKit
0x000000005b770000 	/System/Library/Frameworks/CoreData.framework/Versions/A/CoreData
0x000000005b770000 	/System/Library/PrivateFrameworks/RemoteViewServices.framework/Versions/A/RemoteViewServices
0x000000005b770000 	/System/Library/PrivateFrameworks/UIFoundation.framework/Versions/A/UIFoundation
0x000000005b770000 	/usr/lib/libenergytrace.dylib
0x000000005b770000 	/System/Library/PrivateFrameworks/SkyLight.framework/Versions/A/SkyLight
0x000000005b770000 	/System/Library/Frameworks/CoreGraphics.framework/Versions/A/CoreGraphics
0x000000005b770000 	/usr/lib/libScreenReader.dylib
0x000000005b770000 	/System/Library/Frameworks/Accelerate.framework/Versions/A/Accelerate
0x000000005b770000 	/System/Library/Frameworks/IOSurface.framework/Versions/A/IOSurface
0x000000005b770000 	/System/Library/Frameworks/AudioToolbox.framework/Versions/A/AudioToolbox
0x000000005b770000 	/System/Library/Frameworks/AudioUnit.framework/Versions/A/AudioUnit
0x000000005b770000 	/System/Library/PrivateFrameworks/DataDetectorsCore.framework/Versions/A/DataDetectorsCore
0x000000005b770000 	/System/Library/PrivateFrameworks/DesktopServicesPriv.framework/Versions/A/DesktopServicesPriv
0x000000005b770000 	/System/Library/Frameworks/Carbon.framework/Versions/A/Frameworks/HIToolbox.framework/Versions/A/HIToolbox
0x000000005b770000 	/usr/lib/libicucore.A.dylib
0x000000005b770000 	/System/Library/Frameworks/QuartzCore.framework/Versions/A/QuartzCore
0x000000005b770000 	/System/Library/Frameworks/Carbon.framework/Versions/A/Frameworks/SpeechRecognition.framework/Versions/A/SpeechRecognition
0x000000005b770000 	/usr/lib/libauto.dylib
0x000000005b770000 	/usr/lib/libxml2.2.dylib
0x000000005b770000 	/System/Library/PrivateFrameworks/CoreUI.framework/Versions/A/CoreUI
0x000000005b770000 	/System/Library/Frameworks/CoreAudio.framework/Versions/A/CoreAudio
0x000000005b770000 	/System/Library/Frameworks/DiskArbitration.framework/Versions/A/DiskArbitration
0x000000005b770000 	/usr/lib/liblangid.dylib
0x000000005b770000 	/System/Library/PrivateFrameworks/MultitouchSupport.framework/Versions/A/MultitouchSupport
0x000000005b770000 	/System/Library/Frameworks/IOKit.framework/Versions/A/IOKit
0x000000005b770000 	/usr/lib/libDiagnosticMessagesClient.dylib
0x000000005b770000 	/System/Library/Frameworks/CoreServices.framework/Versions/A/CoreServices
0x000000005b770000 	/System/Library/PrivateFrameworks/PerformanceAnalysis.framework/Versions/A/PerformanceAnalysis
0x000000005b770000 	/System/Library/PrivateFrameworks/GenerationalStorage.framework/Versions/A/GenerationalStorage
0x000000005b770000 	/System/Library/Frameworks/OpenGL.framework/Versions/A/OpenGL
0x000000005b770000 	/System/Library/Frameworks/CoreImage.framework/Versions/A/CoreImage
0x000000005b770000 	/System/Library/Frameworks/CoreText.framework/Versions/A/CoreText
0x000000005b770000 	/System/Library/Frameworks/ImageIO.framework/Versions/A/ImageIO
0x000000005b770000 	/System/Library/PrivateFrameworks/Backup.framework/Versions/A/Backup
0x000000005b770000 	/usr/lib/libarchive.2.dylib
0x000000005b770000 	/System/Library/Frameworks/CFNetwork.framework/Versions/A/CFNetwork
0x000000005b770000 	/System/Library/Frameworks/SystemConfiguration.framework/Versions/A/SystemConfiguration
0x000000005b770000 	/usr/lib/libCRFSuite.dylib
0x000000005b770000 	/usr/lib/libc++.1.dylib
0x000000005b770000 	/usr/lib/libc++abi.dylib
0x000000005b770000 	/usr/lib/system/libcache.dylib
0x000000005b770000 	/usr/lib/system/libcommonCrypto.dylib
0x000000005b770000 	/usr/lib/system/libcompiler_rt.dylib
0x000000005b770000 	/usr/lib/system/libcopyfile.dylib
0x000000005b770000 	/usr/lib/system/libcorecrypto.dylib
0x000000005b770000 	/usr/lib/system/libdispatch.dylib
0x000000005b770000 	/usr/lib/system/libdyld.dylib
0x000000005b770000 	/usr/lib/system/libkeymgr.dylib
0x000000005b770000 	/usr/lib/system/liblaunch.dylib
0x000000005b770000 	/usr/lib/system/libmacho.dylib
0x000000005b770000 	/usr/lib/system/libquarantine.dylib
0x000000005b770000 	/usr/lib/system/libremovefile.dylib
0x000000005b770000 	/usr/lib/system/libsystem_asl.dylib
0x000000005b770000 	/usr/lib/system/libsystem_blocks.dylib
0x000000005b770000 	/usr/lib/system/libsystem_c.dylib
0x000000005b770000 	/usr/lib/system/libsystem_configuration.dylib
0x000000005b770000 	/usr/lib/system/libsystem_coreservices.dylib
0x000000005b770000 	/usr/lib/system/libsystem_coretls.dylib
0x000000005b770000 	/usr/lib/system/libsystem_dnssd.dylib
0x000000005b770000 	/usr/lib/system/libsystem_info.dylib
0x000000005b770000 	/usr/lib/system/libsystem_kernel.dylib
0x000000005b770000 	/usr/lib/system/libsystem_m.dylib
0x000000005b770000 	/usr/lib/system/libsystem_malloc.dylib
0x000000005b770000 	/usr/lib/system/libsystem_network.dylib
0x000000005b770000 	/usr/lib/system/libsystem_networkextension.dylib
0x000000005b770000 	/usr/lib/system/libsystem_notify.dylib
0x000000005b770000 	/usr/lib/system/libsystem_platform.dylib
0x000000005b770000 	/usr/lib/system/libsystem_pthread.dylib
0x000000005b770000 	/usr/lib/system/libsystem_sandbox.dylib
0x000000005b770000 	/usr/lib/system/libsystem_secinit.dylib
0x000000005b770000 	/usr/lib/system/libsystem_symptoms.dylib
0x000000005b770000 	/usr/lib/system/libsystem_trace.dylib
0x000000005b770000 	/usr/lib/system/libunwind.dylib
0x000000005b770000 	/usr/lib/system/libxpc.dylib
0x000000005b770000 	/usr/lib/libbsm.0.dylib
0x000000005b770000 	/usr/lib/system/libkxld.dylib
0x000000005b770000 	/usr/lib/libcoretls.dylib
0x000000005b770000 	/usr/lib/libcoretls_cfhelpers.dylib
0x000000005b770000 	/usr/lib/libxar.1.dylib
0x000000005b770000 	/usr/lib/libsqlite3.dylib
0x000000005b770000 	/usr/lib/libpam.2.dylib
0x000000005b770000 	/usr/lib/libOpenScriptingUtil.dylib
0x000000005b770000 	/usr/lib/libbz2.1.0.dylib
0x000000005b770000 	/usr/lib/liblzma.5.dylib
0x000000005b770000 	/usr/lib/libnetwork.dylib
0x000000005b770000 	/usr/lib/libpcap.A.dylib
0x000000005b770000 	/System/Library/Frameworks/CoreServices.framework/Versions/A/Frameworks/FSEvents.framework/Versions/A/FSEvents
0x000000005b770000 	/System/Library/Frameworks/CoreServices.framework/Versions/A/Frameworks/CarbonCore.framework/Versions/A/CarbonCore
0x000000005b770000 	/System/Library/Frameworks/CoreServices.framework/Versions/A/Frameworks/Metadata.framework/Versions/A/Metadata
0x000000005b770000 	/System/Library/Frameworks/CoreServices.framework/Versions/A/Frameworks/OSServices.framework/Versions/A/OSServices
0x000000005b770000 	/System/Library/Frameworks/CoreServices.framework/Versions/A/Frameworks/SearchKit.framework/Versions/A/SearchKit
0x000000005b770000 	/System/Library/Frameworks/CoreServices.framework/Versions/A/Frameworks/AE.framework/Versions/A/AE
0x000000005b770000 	/System/Library/Frameworks/CoreServices.framework/Versions/A/Frameworks/LaunchServices.framework/Versions/A/LaunchServices
0x000000005b770000 	/System/Library/Frameworks/CoreServices.framework/Versions/A/Frameworks/DictionaryServices.framework/Versions/A/DictionaryServices
0x000000005b770000 	/System/Library/Frameworks/CoreServices.framework/Versions/A/Frameworks/SharedFileList.framework/Versions/A/SharedFileList
0x000000005b770000 	/System/Library/Frameworks/NetFS.framework/Versions/A/NetFS
0x000000005b770000 	/System/Library/PrivateFrameworks/NetAuth.framework/Versions/A/NetAuth
0x000000005b770000 	/System/Library/PrivateFrameworks/login.framework/Versions/A/Frameworks/loginsupport.framework/Versions/A/loginsupport
0x000000005b770000 	/System/Library/PrivateFrameworks/TCC.framework/Versions/A/TCC
0x000000005b770000 	/usr/lib/libmecabra.dylib
0x000000005b770000 	/System/Library/Frameworks/ApplicationServices.framework/Versions/A/Frameworks/ATS.framework/Versions/A/ATS
0x000000005b770000 	/System/Library/Frameworks/ApplicationServices.framework/Versions/A/Frameworks/ColorSync.framework/Versions/A/ColorSync
0x000000005b770000 	/System/Library/Frameworks/ApplicationServices.framework/Versions/A/Frameworks/HIServices.framework/Versions/A/HIServices
0x000000005b770000 	/System/Library/Frameworks/ApplicationServices.framework/Versions/A/Frameworks/LangAnalysis.framework/Versions/A/LangAnalysis
0x000000005b770000 	/System/Library/Frameworks/ApplicationServices.framework/Versions/A/Frameworks/PrintCore.framework/Versions/A/PrintCore
0x000000005b770000 	/System/Library/Frameworks/ApplicationServices.framework/Versions/A/Frameworks/QD.framework/Versions/A/QD
0x000000005b770000 	/System/Library/Frameworks/ApplicationServices.framework/Versions/A/Frameworks/SpeechSynthesis.framework/Versions/A/SpeechSynthesis
0x000000005b770000 	/System/Library/Frameworks/Accelerate.framework/Versions/A/Frameworks/vImage.framework/Versions/A/vImage
0x000000005b770000 	/System/Library/Frameworks/Accelerate.framework/Versions/A/Frameworks/vecLib.framework/Versions/A/vecLib
0x000000005b770000 	/System/Library/Frameworks/Accelerate.framework/Versions/A/Frameworks/vecLib.framework/Versions/A/libvDSP.dylib
0x000000005b770000 	/System/Library/Frameworks/Accelerate.framework/Versions/A/Frameworks/vecLib.framework/Versions/A/libBNNS.dylib
0x000000005b770000 	/System/Library/Frameworks/Accelerate.framework/Versions/A/Frameworks/vecLib.framework/Versions/A/libQuadrature.dylib
0x000000005b770000 	/System/Library/Frameworks/Accelerate.framework/Versions/A/Frameworks/vecLib.framework/Versions/A/libvMisc.dylib
0x000000005b770000 	/System/Library/Frameworks/Accelerate.framework/Versions/A/Frameworks/vecLib.framework/Versions/A/libLAPACK.dylib
0x000000005b770000 	/System/Library/Frameworks/Accelerate.framework/Versions/A/Frameworks/vecLib.framework/Versions/A/libBLAS.dylib
0x000000005b770000 	/System/Library/Frameworks/Accelerate.framework/Versions/A/Frameworks/vecLib.framework/Versions/A/libLinearAlgebra.dylib
0x000000005b770000 	/System/Library/Frameworks/Accelerate.framework/Versions/A/Frameworks/vecLib.framework/Versions/A/libSparseBLAS.dylib
0x000000005b770000 	/System/Library/Frameworks/ApplicationServices.framework/Versions/A/Frameworks/ATS.framework/Versions/A/Resources/libFontParser.dylib
0x000000005b770000 	/System/Library/Frameworks/ApplicationServices.framework/Versions/A/Frameworks/ATS.framework/Versions/A/Resources/libFontRegistry.dylib
0x000000005b770000 	/System/Library/Frameworks/ImageIO.framework/Versions/A/Resources/libJPEG.dylib
0x000000005b770000 	/System/Library/Frameworks/ImageIO.framework/Versions/A/Resources/libTIFF.dylib
0x000000005b770000 	/System/Library/Frameworks/ImageIO.framework/Versions/A/Resources/libPng.dylib
0x000000005b770000 	/System/Library/Frameworks/ImageIO.framework/Versions/A/Resources/libGIF.dylib
0x000000005b770000 	/System/Library/Frameworks/ImageIO.framework/Versions/A/Resources/libJP2.dylib
0x000000005b770000 	/System/Library/Frameworks/ImageIO.framework/Versions/A/Resources/libRadiance.dylib
0x000000005b770000 	/usr/lib/libcompression.dylib
0x000000005b770000 	/System/Library/PrivateFrameworks/AppleJPEG.framework/Versions/A/AppleJPEG
0x000000005b770000 	/usr/lib/libcups.2.dylib
0x000000005b770000 	/System/Library/Frameworks/Kerberos.framework/Versions/A/Kerberos
0x000000005b770000 	/System/Library/Frameworks/GSS.framework/Versions/A/GSS
0x000000005b770000 	/usr/lib/libresolv.9.dylib
0x000000005b770000 	/usr/lib/libiconv.2.dylib
0x000000005b770000 	/System/Library/PrivateFrameworks/Heimdal.framework/Versions/A/Heimdal
0x000000005b770000 	/usr/lib/libheimdal-asn1.dylib
0x000000005b770000 	/System/Library/Frameworks/OpenDirectory.framework/Versions/A/OpenDirectory
0x000000005b770000 	/System/Library/PrivateFrameworks/CommonAuth.framework/Versions/A/CommonAuth
0x000000005b770000 	/System/Library/Frameworks/OpenDirectory.framework/Versions/A/Frameworks/CFOpenDirectory.framework/Versions/A/CFOpenDirectory
0x000000005b770000 	/System/Library/Frameworks/SecurityFoundation.framework/Versions/A/SecurityFoundation
0x000000005b770000 	/System/Library/PrivateFrameworks/LanguageModeling.framework/Versions/A/LanguageModeling
0x000000005b770000 	/usr/lib/libmarisa.dylib
0x000000005b770000 	/usr/lib/libChineseTokenizer.dylib
0x000000005b770000 	/usr/lib/libcmph.dylib
0x000000005b770000 	/System/Library/PrivateFrameworks/CoreEmoji.framework/Versions/A/CoreEmoji
0x000000005b770000 	/System/Library/Frameworks/ServiceManagement.framework/Versions/A/ServiceManagement
0x000000005b770000 	/usr/lib/libxslt.1.dylib
0x000000005b770000 	/System/Library/Frameworks/Carbon.framework/Versions/A/Frameworks/Ink.framework/Versions/A/Ink
0x000000005b770000 	/System/Library/PrivateFrameworks/TextureIO.framework/Versions/A/TextureIO
0x000000005b770000 	/System/Library/Frameworks/Metal.framework/Versions/A/Metal
0x000000005b770000 	/usr/lib/libate.dylib
0x000000005b770000 	/System/Library/PrivateFrameworks/GPUCompiler.framework/libmetal_timestamp.dylib
0x000000005b770000 	/System/Library/Frameworks/OpenGL.framework/Versions/A/Libraries/libCoreFSCache.dylib
0x000000005b770000 	/System/Library/PrivateFrameworks/IOAccelerator.framework/Versions/A/IOAccelerator
0x000000005b770000 	/System/Library/Frameworks/CoreVideo.framework/Versions/A/CoreVideo
0x000000005b770000 	/usr/lib/libFosl_dynamic.dylib
0x000000005b770000 	/System/Library/PrivateFrameworks/MetalPerformanceShaders.framework/Versions/A/MetalPerformanceShaders
0x000000005b770000 	/System/Library/PrivateFrameworks/FaceCore.framework/Versions/A/FaceCore
0x000000005b770000 	/System/Library/Frameworks/OpenCL.framework/Versions/A/OpenCL
0x000000005b770000 	/System/Library/Frameworks/OpenGL.framework/Versions/A/Libraries/libGLU.dylib
0x000000005b770000 	/System/Library/Frameworks/OpenGL.framework/Versions/A/Libraries/libGFXShared.dylib
0x000000005b770000 	/System/Library/Frameworks/OpenGL.framework/Versions/A/Libraries/libGL.dylib
0x000000005b770000 	/System/Library/Frameworks/OpenGL.framework/Versions/A/Libraries/libGLImage.dylib
0x000000005b770000 	/System/Library/Frameworks/OpenGL.framework/Versions/A/Libraries/libCVMSPluginSupport.dylib
0x000000005b770000 	/System/Library/Frameworks/OpenGL.framework/Versions/A/Libraries/libCoreVMClient.dylib
0x000000005b770000 	/System/Library/PrivateFrameworks/CrashReporterSupport.framework/Versions/A/CrashReporterSupport
0x000000005b770000 	/System/Library/PrivateFrameworks/Sharing.framework/Versions/A/Sharing
0x000000005b770000 	/System/Library/PrivateFrameworks/IconServices.framework/Versions/A/IconServices
0x000000005b770000 	/System/Library/PrivateFrameworks/ProtocolBuffer.framework/Versions/A/ProtocolBuffer
0x000000005b770000 	/System/Library/PrivateFrameworks/Apple80211.framework/Versions/A/Apple80211
0x000000005b770000 	/System/Library/Frameworks/CoreWLAN.framework/Versions/A/CoreWLAN
0x000000005b770000 	/System/Library/PrivateFrameworks/CoreUtils.framework/Versions/A/CoreUtils
0x000000005b770000 	/System/Library/Frameworks/IOBluetooth.framework/Versions/A/IOBluetooth
0x000000005b770000 	/System/Library/PrivateFrameworks/CoreWiFi.framework/Versions/A/CoreWiFi
0x000000005b770000 	/System/Library/Frameworks/CoreBluetooth.framework/Versions/A/CoreBluetooth
0x000000005b770000 	/System/Library/Frameworks/CoreDisplay.framework/Versions/A/CoreDisplay
0x000000005b770000 	/System/Library/PrivateFrameworks/IOPresentment.framework/Versions/A/IOPresentment
0x000000005b770000 	/System/Library/PrivateFrameworks/DebugSymbols.framework/Versions/A/DebugSymbols
0x000000005b770000 	/System/Library/PrivateFrameworks/CoreSymbolication.framework/Versions/A/CoreSymbolication
0x000000005b770000 	/System/Library/PrivateFrameworks/Symbolication.framework/Versions/A/Symbolication
0x000000005b770000 	/System/Library/PrivateFrameworks/AppleFSCompression.framework/Versions/A/AppleFSCompression
0x000000005b770000 	/System/Library/PrivateFrameworks/SpeechRecognitionCore.framework/Versions/A/SpeechRecognitionCore
0x000000005b770000 	/System/Library/PrivateFrameworks/ChunkingLibrary.framework/Versions/A/ChunkingLibrary
0x0000000100c00000 	/Library/Java/JavaVirtualMachines/jdk1.8.0_91.jdk/Contents/Home/jre/lib/server/libjvm.dylib
0x000000005b770000 	/usr/lib/libstdc++.6.dylib
0x00000001002f1000 	/Library/Java/JavaVirtualMachines/jdk1.8.0_91.jdk/Contents/Home/jre/lib/libverify.dylib
0x00000001002ff000 	/Library/Java/JavaVirtualMachines/jdk1.8.0_91.jdk/Contents/Home/jre/lib/libjava.dylib
0x000000010033e000 	/Library/Java/JavaVirtualMachines/jdk1.8.0_91.jdk/Contents/Home/jre/lib/libzip.dylib
0x000000010834b000 	/System/Library/Frameworks/JavaVM.framework/Frameworks/JavaRuntimeSupport.framework/JavaRuntimeSupport
0x0000000108365000 	/System/Library/Frameworks/JavaVM.framework/Versions/A/Frameworks/JavaNativeFoundation.framework/Versions/A/JavaNativeFoundation
0x00000001003f3000 	/System/Library/Frameworks/JavaVM.framework/Versions/A/JavaVM
0x000000005b770000 	/System/Library/Frameworks/Carbon.framework/Versions/A/Carbon
0x000000010837a000 	/System/Library/PrivateFrameworks/JavaLaunching.framework/Versions/A/JavaLaunching
0x000000005b770000 	/System/Library/Frameworks/Carbon.framework/Versions/A/Frameworks/CommonPanels.framework/Versions/A/CommonPanels
0x000000005b770000 	/System/Library/Frameworks/Carbon.framework/Versions/A/Frameworks/Help.framework/Versions/A/Help
0x000000005b770000 	/System/Library/Frameworks/Carbon.framework/Versions/A/Frameworks/ImageCapture.framework/Versions/A/ImageCapture
0x000000005b770000 	/System/Library/Frameworks/Carbon.framework/Versions/A/Frameworks/OpenScripting.framework/Versions/A/OpenScripting
0x000000005b770000 	/System/Library/Frameworks/Carbon.framework/Versions/A/Frameworks/Print.framework/Versions/A/Print
0x000000005b770000 	/System/Library/Frameworks/Carbon.framework/Versions/A/Frameworks/SecurityHI.framework/Versions/A/SecurityHI
0x00000001083d0000 	/Library/Java/JavaVirtualMachines/jdk1.8.0_91.jdk/Contents/Home/jre/lib/libprism_es2.dylib
0x000000005b770000 	/System/Library/Frameworks/OpenGL.framework/Versions/A/Resources/GLEngine.bundle/GLEngine
0x000000005b770000 	/System/Library/Frameworks/OpenGL.framework/Versions/A/Libraries/libGLProgrammability.dylib
0x0000000118f0d000 	/System/Library/Extensions/AppleIntelBDWGraphicsGLDriver.bundle/Contents/MacOS/AppleIntelBDWGraphicsGLDriver
0x000000005b770000 	/System/Library/PrivateFrameworks/GPUSupport.framework/Versions/A/Libraries/libGPUSupportMercury.dylib
0x000000005b770000 	/System/Library/Frameworks/OpenGL.framework/Versions/A/Resources/GLRendererFloat.bundle/GLRendererFloat
0x000000005b770000 	/System/Library/Frameworks/OpenCL.framework/Versions/A/Libraries/libcldcpuengine.dylib
0x000000005b770000 	/usr/lib/libcrypto.0.9.8.dylib
0x000000005b770000 	/System/Library/PrivateFrameworks/TrustEvaluationAgent.framework/Versions/A/TrustEvaluationAgent
0x0000000119a79000 	/Library/Java/JavaVirtualMachines/jdk1.8.0_91.jdk/Contents/Home/jre/lib/libglass.dylib
0x000000005b770000 	/System/Library/PrivateFrameworks/CoreServicesInternal.framework/Versions/A/CoreServicesInternal
0x000000005b770000 	/System/Library/CoreServices/RawCamera.bundle/Contents/MacOS/RawCamera
0x000000005b770000 	/System/Library/Frameworks/Accelerate.framework/Versions/A/Frameworks/vImage.framework/Versions/A/Libraries/libCGInterfaces.dylib
0x000000005b770000 	/System/Library/PrivateFrameworks/FamilyControls.framework/Versions/A/FamilyControls
0x000000005b770000 	/System/Library/PrivateFrameworks/CommerceKit.framework/Versions/A/Frameworks/CommerceCore.framework/Versions/A/CommerceCore
0x000000005b770000 	/System/Library/PrivateFrameworks/SystemAdministration.framework/Versions/A/SystemAdministration
0x000000005b770000 	/System/Library/PrivateFrameworks/AppContainer.framework/Versions/A/AppContainer
0x000000005b770000 	/System/Library/PrivateFrameworks/SecCodeWrapper.framework/Versions/A/SecCodeWrapper
0x000000005b770000 	/System/Library/Frameworks/DirectoryService.framework/Versions/A/DirectoryService
0x000000005b770000 	/System/Library/PrivateFrameworks/DiskImages.framework/Versions/A/DiskImages
0x000000005b770000 	/System/Library/PrivateFrameworks/LoginUIKit.framework/Versions/A/Frameworks/LoginUICore.framework/Versions/A/LoginUICore
0x000000005b770000 	/usr/lib/libCoreStorage.dylib
0x000000005b770000 	/usr/lib/libcsfde.dylib
0x000000005b770000 	/usr/lib/libodfde.dylib
0x000000005b770000 	/System/Library/Frameworks/DiscRecording.framework/Versions/A/DiscRecording
0x000000005b770000 	/usr/lib/libcurl.4.dylib
0x000000005b770000 	/System/Library/PrivateFrameworks/MediaKit.framework/Versions/A/MediaKit
0x000000005b770000 	/System/Library/PrivateFrameworks/ProtectedCloudStorage.framework/Versions/A/ProtectedCloudStorage
0x000000005b770000 	/System/Library/PrivateFrameworks/EFILogin.framework/Versions/A/EFILogin
0x000000005b770000 	/usr/lib/libutil.dylib
0x000000005b770000 	/System/Library/Frameworks/LDAP.framework/Versions/A/LDAP
0x000000005b770000 	/usr/lib/libsasl2.2.dylib
0x000000005b770000 	/System/Library/PrivateFrameworks/CoreDaemon.framework/Versions/B/CoreDaemon
0x000000005b770000 	/System/Library/PrivateFrameworks/AppleSRP.framework/Versions/A/AppleSRP
0x000000005b770000 	/System/Library/PrivateFrameworks/APFS.framework/Versions/A/APFS
0x0000000119af1000 	/Library/Java/JavaVirtualMachines/jdk1.8.0_91.jdk/Contents/Home/jre/lib/libjavafx_font.dylib
0x000000011ce99000 	/Library/Java/JavaVirtualMachines/jdk1.8.0_91.jdk/Contents/Home/jre/lib/libawt.dylib
0x000000011cf41000 	/Library/Java/JavaVirtualMachines/jdk1.8.0_91.jdk/Contents/Home/jre/lib/./libmlib_image.dylib
0x000000011d00d000 	/Library/Java/JavaVirtualMachines/jdk1.8.0_91.jdk/Contents/Home/jre/lib/libawt_lwawt.dylib
0x000000011d0c2000 	/Library/Java/JavaVirtualMachines/jdk1.8.0_91.jdk/Contents/Home/jre/lib/./libosxapp.dylib
0x000000005b770000 	/System/Library/Frameworks/ExceptionHandling.framework/Versions/A/ExceptionHandling
0x000000011db20000 	/Library/Java/JavaVirtualMachines/jdk1.8.0_91.jdk/Contents/Home/jre/lib/libfontmanager.dylib
0x000000011db87000 	/Library/Java/JavaVirtualMachines/jdk1.8.0_91.jdk/Contents/Home/jre/lib/libosxui.dylib
0x000000005b770000 	/System/Library/Frameworks/ApplicationServices.framework/Versions/A/Frameworks/ATS.framework/Versions/A/Resources/libTrueTypeScaler.dylib
0x0000000121392000 	/System/Library/Extensions/AppleIntelBDWGraphicsMTLDriver.bundle/Contents/MacOS/AppleIntelBDWGraphicsMTLDriver
0x000000005b770000 	/System/Library/PrivateFrameworks/ViewBridge.framework/Versions/A/ViewBridge
0x000000005b770000 	/System/Library/PrivateFrameworks/XPCService.framework/Versions/A/XPCService
0x000000005b770000 	/System/Library/PrivateFrameworks/AppSandbox.framework/Versions/A/AppSandbox
0x000000005b770000 	/usr/lib/libsandbox.1.dylib
0x000000005b770000 	/usr/lib/libMatch.1.dylib
0x0000000122699000 	/Library/Java/JavaVirtualMachines/jdk1.8.0_91.jdk/Contents/Home/jre/lib/libnet.dylib
0x00000001226f8000 	/Library/Java/JavaVirtualMachines/jdk1.8.0_91.jdk/Contents/Home/jre/lib/libnio.dylib

VM Arguments:
jvm_args: -Dfile.encoding=UTF-8 
java_command: application.Main
java_class_path (initial): /Users/matthew/Workspace/Development/GameOfLifeFX/bin:/Users/matthew/.p2/pool/plugins/org.eclipse.fx.ide.css.jfx8_2.4.0.201605112122.jar
Launcher Type: SUN_STANDARD

Environment Variables:
PATH=/usr/bin:/bin:/usr/sbin:/sbin
SHELL=/bin/zsh

Signal Handlers:
SIGSEGV: [libjvm.dylib+0x5a97a1], sa_mask[0]=11111111011111110111111111111111, sa_flags=SA_ONSTACK|SA_RESTART|SA_SIGINFO
SIGBUS: [libjvm.dylib+0x5a97a1], sa_mask[0]=11111111011111110111111111111111, sa_flags=SA_RESTART|SA_SIGINFO
SIGFPE: [libjvm.dylib+0x482594], sa_mask[0]=11111111011111110111111111111111, sa_flags=SA_RESTART|SA_SIGINFO
SIGPIPE: [libjvm.dylib+0x482594], sa_mask[0]=11111111011111110111111111111111, sa_flags=SA_RESTART|SA_SIGINFO
SIGXFSZ: [libjvm.dylib+0x482594], sa_mask[0]=11111111011111110111111111111111, sa_flags=SA_RESTART|SA_SIGINFO
SIGILL: [libjvm.dylib+0x482594], sa_mask[0]=11111111011111110111111111111111, sa_flags=SA_RESTART|SA_SIGINFO
SIGUSR1: SIG_DFL, sa_mask[0]=00000000000000000000000000000000, sa_flags=none
SIGUSR2: [libjvm.dylib+0x4820b2], sa_mask[0]=00100000000000000000000000000000, sa_flags=SA_RESTART|SA_SIGINFO
SIGHUP: [libjvm.dylib+0x480689], sa_mask[0]=11111111011111110111111111111111, sa_flags=SA_RESTART|SA_SIGINFO
SIGINT: [libjvm.dylib+0x480689], sa_mask[0]=11111111011111110111111111111111, sa_flags=SA_RESTART|SA_SIGINFO
SIGTERM: [libjvm.dylib+0x480689], sa_mask[0]=11111111011111110111111111111111, sa_flags=SA_RESTART|SA_SIGINFO
SIGQUIT: [libjvm.dylib+0x480689], sa_mask[0]=11111111011111110111111111111111, sa_flags=SA_RESTART|SA_SIGINFO


---------------  S Y S T E M  ---------------

OS:Bsduname:Darwin 16.1.0 Darwin Kernel Version 16.1.0: Thu Oct 13 21:26:57 PDT 2016; root:xnu-3789.21.3~60/RELEASE_X86_64 x86_64
rlimit: STACK 8192k, CORE 0k, NPROC 709, NOFILE 10240, AS infinity
load average:2.70 2.35 2.33

CPU:total 4 (2 cores per cpu, 2 threads per core) family 6 model 61 stepping 4, cmov, cx8, fxsr, mmx, sse, sse2, sse3, ssse3, sse4.1, sse4.2, popcnt, avx, avx2, aes, clmul, erms, 3dnowpref, lzcnt, ht, tsc, tscinvbit, bmi1, bmi2, adx

Memory: 4k page, physical 8388608k(42076k free)

/proc/meminfo:


vm_info: Java HotSpot(TM) 64-Bit Server VM (25.91-b14) for bsd-amd64 JRE (1.8.0_91-b14), built on Apr  1 2016 01:03:00 by "java_re" with gcc 4.2.1 (Based on Apple Inc. build 5658) (LLVM build 2336.11.00)

time: Tue Nov 15 09:33:12 2016
elapsed time: 6 seconds (0d 0h 0m 6s)

